<?xml version="1.0" encoding="UTF-8"?>
<testsuite xmlns:xsi="http://www.w3.org/2001/XMLSchema-instance" xsi:noNamespaceSchemaLocation="https://maven.apache.org/surefire/maven-surefire-plugin/xsd/surefire-test-report-3.0.xsd" version="3.0" name="ui.test.GoogleCloudSearchResultsTest" time="11.911" tests="1" errors="0" skipped="0" failures="0">
  <properties>
[...]
</properties>
  <testcase name="searchResultsNotEmpty" classname="ui.test.GoogleCloudSearchResultsTest" time="11.146">
    <system-out><![CDATA[10
]]></system-out>
    <system-err><![CDATA[[main] INFO com.codeborne.selenide.impl.WebDriverThreadLocalContainer - No webdriver is bound to current thread: 1 - let's create a new webdriver
[main] INFO com.codeborne.selenide.impl.FileHelper - Creating folder: d:\selenium\google_cloud_automation_selenid\build\downloads\1707904573181_4700_1
[main] INFO com.codeborne.selenide.webdriver.BrowserResizer - Set browser size to 1920x1080
[main] INFO com.codeborne.selenide.webdriver.BrowserResizer - Set browser position to 0x0
[main] INFO com.codeborne.selenide.webdriver.WebDriverFactory - BrowserName=MicrosoftEdge Version=121.0.2277.112 Platform=windows
[main] INFO com.codeborne.selenide.webdriver.WebDriverFactory - Selenide v. 7.1.0
[main] INFO com.codeborne.selenide.webdriver.WebDriverFactory - Selenium WebDriver v. 4.17.0 build revision: e52b1be057*
[main] INFO com.codeborne.selenide.drivercommands.CreateDriverCommand - Created webdriver in thread 1: EdgeDriver -> EdgeDriver: MicrosoftEdge on windows (d6f2845adbae1e84fabac2038d89f4d0), downloadsFolder: d:\selenium\google_cloud_automation_selenid\build\downloads\1707904573181_4700_1
[main] INFO com.codeborne.selenide.drivercommands.DisposablesRegistry - Register WebDriverInstance[config=StaticConfig, webDriver=EdgeDriver: MicrosoftEdge on windows (d6f2845adbae1e84fabac2038d89f4d0), proxy=null, downloadsFolder=d:\selenium\google_cloud_automation_selenid\build\downloads\1707904573181_4700_1] in 1 [size=1]
[main] INFO com.codeborne.selenide.drivercommands.DisposablesRegistry - Add shutdown hook in 1 [size=1]
]]></system-err>
  </testcase>
</testsuite>