<?xml version="1.0" encoding="UTF-8"?>
<testng-results ignored="2" total="3" passed="1" failed="0" skipped="0">
  <reporter-output>
  </reporter-output>
  <suite started-at="2024-02-14T12:56:13 MSK" name="Surefire suite" finished-at="2024-02-14T12:56:24 MSK" duration-ms="11320">
    <groups>
    </groups>
    <test started-at="2024-02-14T12:56:13 MSK" name="Surefire test" finished-at="2024-02-14T12:56:24 MSK" duration-ms="11320">
      <class name="ui.test.GoogleCloudSearchResultsTest">
        <test-method is-config="true" signature="configurationBrowser()[pri:0, instance:ui.test.GoogleCloudSearchResultsTest@2fd6b6c7]" started-at="2024-02-14T12:56:13 MSK" name="configurationBrowser" finished-at="2024-02-14T12:56:13 MSK" duration-ms="10" status="PASS">
          <reporter-output>
          </reporter-output>
        </test-method> <!-- configurationBrowser -->
        <test-method signature="searchResultsNotEmpty()[pri:0, instance:ui.test.GoogleCloudSearchResultsTest@2fd6b6c7]" started-at="2024-02-14T12:56:13 MSK" name="searchResultsNotEmpty" finished-at="2024-02-14T12:56:24 MSK" duration-ms="11142" status="PASS">
          <reporter-output>
          </reporter-output>
        </test-method> <!-- searchResultsNotEmpty -->
        <test-method is-config="true" signature="browserClose()[pri:0, instance:ui.test.GoogleCloudSearchResultsTest@2fd6b6c7]" started-at="2024-02-14T12:56:24 MSK" name="browserClose" finished-at="2024-02-14T12:56:24 MSK" duration-ms="145" status="PASS">
          <reporter-output>
          </reporter-output>
        </test-method> <!-- browserClose -->
      </class> <!-- ui.test.GoogleCloudSearchResultsTest -->
    </test> <!-- Surefire test -->
  </suite> <!-- Surefire suite -->
</testng-results>
