<?xml version="1.0" encoding="UTF-8"?>
<!-- Generated by org.testng.reporters.JUnitXMLReporter -->
<testsuite ignored="2" hostname="DESKTOP-1696VV5" failures="0" tests="1" name="Surefire test" time="11.32" errors="0" timestamp="2024-02-14T12:56:24 MSK">
  <testcase classname="ui.test.GoogleCloudSearchResultsTest" name="searchResultsNotEmpty" time="11.142"/>
  <testcase classname="ui.test.GoogleCloudSearchResultsTest" name="searchResultsCanBeOpened" time="0.0">
    <ignored/>
  </testcase> <!-- searchResultsCanBeOpened -->
  <testcase classname="ui.test.GoogleCloudSearchResultsTest" name="searchResultsPageOpenedSuccessfully" time="0.0">
    <ignored/>
  </testcase> <!-- searchResultsPageOpenedSuccessfully -->
</testsuite> <!-- Surefire test -->
